# JRE version: OpenJDK Runtime Environment Microsoft-7208460 (11.0.18+10) (build 11.0.18+10-LTS)
# Java VM: OpenJDK 64-Bit Server VM Microsoft-7208460 (11.0.18+10-LTS, mixed mode, tiered, compressed oops, g1 gc, windows-amd64)
Heap:
 garbage-first heap   total 258048K, used 168493K [0x0000000080000000, 0x0000000100000000)
  region size 1024K, 9 young (9216K), 5 survivors (5120K)
 Metaspace       used 137360K, capacity 142258K, committed 142468K, reserved 641024K
  class space    used 17169K, capacity 18987K, committed 19148K, reserved 516096K
GC Heap History (20 events):
Event: 1861.278 GC heap before
{Heap before GC invocations=55 (full 0):
 garbage-first heap   total 258048K, used 224603K [0x0000000080000000, 0x0000000100000000)
  region size 1024K, 29 young (29696K), 1 survivors (1024K)
 Metaspace       used 125725K, capacity 130407K, committed 130820K, reserved 630784K
  class space    used 15785K, capacity 17571K, committed 17740K, reserved 516096K
}
Event: 1861.282 GC heap after
{Heap after GC invocations=56 (full 0):
 garbage-first heap   total 258048K, used 198412K [0x0000000080000000, 0x0000000100000000)
  region size 1024K, 3 young (3072K), 3 survivors (3072K)
 Metaspace       used 125725K, capacity 130407K, committed 130820K, reserved 630784K
  class space    used 15785K, capacity 17571K, committed 17740K, reserved 516096K
}
Event: 1861.600 GC heap before
{Heap before GC invocations=57 (full 0):
 garbage-first heap   total 258048K, used 225036K [0x0000000080000000, 0x0000000100000000)
  region size 1024K, 30 young (30720K), 3 survivors (3072K)
 Metaspace       used 125749K, capacity 130386K, committed 130820K, reserved 630784K
  class space    used 15755K, capacity 17514K, committed 17740K, reserved 516096K
}
Event: 1861.605 GC heap after
{Heap after GC invocations=58 (full 0):
 garbage-first heap   total 258048K, used 200716K [0x0000000080000000, 0x0000000100000000)
  region size 1024K, 3 young (3072K), 3 survivors (3072K)
 Metaspace       used 125749K, capacity 130386K, committed 130820K, reserved 630784K
  class space    used 15755K, capacity 17514K, committed 17740K, reserved 516096K
}
Event: 1861.661 GC heap before
{Heap before GC invocations=58 (full 0):
 garbage-first heap   total 258048K, used 208908K [0x0000000080000000, 0x0000000100000000)
  region size 1024K, 12 young (12288K), 3 survivors (3072K)
 Metaspace       used 125940K, capacity 130712K, committed 131076K, reserved 630784K
  class space    used 15784K, capacity 17575K, committed 17740K, reserved 516096K
}
Event: 1861.664 GC heap after
{Heap after GC invocations=59 (full 0):
 garbage-first heap   total 258048K, used 199194K [0x0000000080000000, 0x0000000100000000)
  region size 1024K, 2 young (2048K), 2 survivors (2048K)
 Metaspace       used 125940K, capacity 130712K, committed 131076K, reserved 630784K
  class space    used 15784K, capacity 17575K, committed 17740K, reserved 516096K
}
Event: 1861.830 GC heap before
{Heap before GC invocations=59 (full 0):
 garbage-first heap   total 258048K, used 222746K [0x0000000080000000, 0x0000000100000000)
  region size 1024K, 26 young (26624K), 2 survivors (2048K)
 Metaspace       used 129760K, capacity 134564K, committed 134916K, reserved 634880K
  class space    used 16275K, capacity 18090K, committed 18252K, reserved 516096K
}
Event: 1861.834 GC heap after
{Heap after GC invocations=60 (full 0):
 garbage-first heap   total 258048K, used 200068K [0x0000000080000000, 0x0000000100000000)
  region size 1024K, 2 young (2048K), 2 survivors (2048K)
 Metaspace       used 129760K, capacity 134564K, committed 134916K, reserved 634880K
  class space    used 16275K, capacity 18090K, committed 18252K, reserved 516096K
}
Event: 1862.043 GC heap before
{Heap before GC invocations=61 (full 0):
 garbage-first heap   total 258048K, used 224644K [0x0000000080000000, 0x0000000100000000)
  region size 1024K, 27 young (27648K), 2 survivors (2048K)
 Metaspace       used 133156K, capacity 137926K, committed 138372K, reserved 636928K
  class space    used 16589K, capacity 18397K, committed 18636K, reserved 516096K
}
Event: 1862.046 GC heap after
{Heap after GC invocations=62 (full 0):
 garbage-first heap   total 258048K, used 202669K [0x0000000080000000, 0x0000000100000000)
  region size 1024K, 4 young (4096K), 4 survivors (4096K)
 Metaspace       used 133156K, capacity 137926K, committed 138372K, reserved 636928K
  class space    used 16589K, capacity 18397K, committed 18636K, reserved 516096K
}
Event: 1862.092 GC heap before
{Heap before GC invocations=62 (full 0):
 garbage-first heap   total 258048K, used 209837K [0x0000000080000000, 0x0000000100000000)
  region size 1024K, 12 young (12288K), 4 survivors (4096K)
 Metaspace       used 133870K, capacity 138662K, committed 139012K, reserved 636928K
  class space    used 16675K, capacity 18493K, committed 18764K, reserved 516096K
}
Event: 1862.096 GC heap after
{Heap after GC invocations=63 (full 0):
 garbage-first heap   total 258048K, used 180753K [0x0000000080000000, 0x0000000100000000)
  region size 1024K, 1 young (1024K), 1 survivors (1024K)
 Metaspace       used 133870K, capacity 138662K, committed 139012K, reserved 636928K
  class space    used 16675K, capacity 18493K, committed 18764K, reserved 516096K
}
Event: 1862.188 GC heap before
{Heap before GC invocations=63 (full 0):
 garbage-first heap   total 258048K, used 192017K [0x0000000080000000, 0x0000000100000000)
  region size 1024K, 12 young (12288K), 1 survivors (1024K)
 Metaspace       used 134975K, capacity 139750K, committed 140164K, reserved 638976K
  class space    used 16816K, capacity 18621K, committed 18892K, reserved 516096K
}
Event: 1862.195 GC heap after
{Heap after GC invocations=64 (full 0):
 garbage-first heap   total 258048K, used 168936K [0x0000000080000000, 0x0000000100000000)
  region size 1024K, 2 young (2048K), 2 survivors (2048K)
 Metaspace       used 134975K, capacity 139750K, committed 140164K, reserved 638976K
  class space    used 16816K, capacity 18621K, committed 18892K, reserved 516096K
}
Event: 1862.262 GC heap before
{Heap before GC invocations=64 (full 0):
 garbage-first heap   total 258048K, used 179176K [0x0000000080000000, 0x0000000100000000)
  region size 1024K, 12 young (12288K), 2 survivors (2048K)
 Metaspace       used 135948K, capacity 140711K, committed 140932K, reserved 638976K
  class space    used 16928K, capacity 18728K, committed 18892K, reserved 516096K
}
Event: 1862.272 GC heap after
{Heap after GC invocations=65 (full 0):
 garbage-first heap   total 258048K, used 162109K [0x0000000080000000, 0x0000000100000000)
  region size 1024K, 2 young (2048K), 2 survivors (2048K)
 Metaspace       used 135948K, capacity 140711K, committed 140932K, reserved 638976K
  class space    used 16928K, capacity 18728K, committed 18892K, reserved 516096K
}
Event: 1862.300 GC heap before
{Heap before GC invocations=65 (full 0):
 garbage-first heap   total 258048K, used 165181K [0x0000000080000000, 0x0000000100000000)
  region size 1024K, 6 young (6144K), 2 survivors (2048K)
 Metaspace       used 136398K, capacity 141200K, committed 141572K, reserved 638976K
  class space    used 17011K, capacity 18827K, committed 19020K, reserved 516096K
}
Event: 1862.304 GC heap after
{Heap after GC invocations=66 (full 0):
 garbage-first heap   total 258048K, used 162432K [0x0000000080000000, 0x0000000100000000)
  region size 1024K, 3 young (3072K), 3 survivors (3072K)
 Metaspace       used 136398K, capacity 141200K, committed 141572K, reserved 638976K
  class space    used 17011K, capacity 18827K, committed 19020K, reserved 516096K
}
Event: 1862.498 GC heap before
{Heap before GC invocations=67 (full 0):
 garbage-first heap   total 258048K, used 200320K [0x0000000080000000, 0x0000000100000000)
  region size 1024K, 39 young (39936K), 3 survivors (3072K)
 Metaspace       used 137192K, capacity 142051K, committed 142468K, reserved 641024K
  class space    used 17146K, capacity 18982K, committed 19148K, reserved 516096K
}
Event: 1862.501 GC heap after
{Heap after GC invocations=68 (full 0):
 garbage-first heap   total 258048K, used 165421K [0x0000000080000000, 0x0000000100000000)
  region size 1024K, 5 young (5120K), 5 survivors (5120K)
 Metaspace       used 137192K, capacity 142051K, committed 142468K, reserved 641024K
  class space    used 17146K, capacity 18982K, committed 19148K, reserved 516096K
}

