# JRE version: OpenJDK Runtime Environment Microsoft-7208460 (11.0.18+10) (build 11.0.18+10-LTS)
# Java VM: OpenJDK 64-Bit Server VM Microsoft-7208460 (11.0.18+10-LTS, mixed mode, tiered, compressed oops, g1 gc, windows-amd64)
Heap:
 garbage-first heap   total 258048K, used 211601K [0x0000000080000000, 0x0000000100000000)
  region size 1024K, 14 young (14336K), 2 survivors (2048K)
 Metaspace       used 127015K, capacity 132073K, committed 132232K, reserved 630784K
  class space    used 15888K, capacity 17754K, committed 17792K, reserved 516096K
GC Heap History (20 events):
Event: 114.040 GC heap before
{Heap before GC invocations=74 (full 0):
 garbage-first heap   total 258048K, used 222399K [0x0000000080000000, 0x0000000100000000)
  region size 1024K, 32 young (32768K), 1 survivors (1024K)
 Metaspace       used 126106K, capacity 131090K, committed 131336K, reserved 630784K
  class space    used 15800K, capacity 17614K, committed 17664K, reserved 516096K
}
Event: 114.041 GC heap after
{Heap after GC invocations=75 (full 0):
 garbage-first heap   total 258048K, used 190659K [0x0000000080000000, 0x0000000100000000)
  region size 1024K, 1 young (1024K), 1 survivors (1024K)
 Metaspace       used 126106K, capacity 131090K, committed 131336K, reserved 630784K
  class space    used 15800K, capacity 17614K, committed 17664K, reserved 516096K
}
Event: 114.262 GC heap before
{Heap before GC invocations=75 (full 0):
 garbage-first heap   total 258048K, used 223427K [0x0000000080000000, 0x0000000100000000)
  region size 1024K, 33 young (33792K), 1 survivors (1024K)
 Metaspace       used 126106K, capacity 131090K, committed 131336K, reserved 630784K
  class space    used 15800K, capacity 17614K, committed 17664K, reserved 516096K
}
Event: 114.263 GC heap after
{Heap after GC invocations=76 (full 0):
 garbage-first heap   total 258048K, used 190653K [0x0000000080000000, 0x0000000100000000)
  region size 1024K, 1 young (1024K), 1 survivors (1024K)
 Metaspace       used 126106K, capacity 131090K, committed 131336K, reserved 630784K
  class space    used 15800K, capacity 17614K, committed 17664K, reserved 516096K
}
Event: 114.495 GC heap before
{Heap before GC invocations=76 (full 0):
 garbage-first heap   total 258048K, used 224445K [0x0000000080000000, 0x0000000100000000)
  region size 1024K, 34 young (34816K), 1 survivors (1024K)
 Metaspace       used 126106K, capacity 131090K, committed 131336K, reserved 630784K
  class space    used 15800K, capacity 17614K, committed 17664K, reserved 516096K
}
Event: 114.496 GC heap after
{Heap after GC invocations=77 (full 0):
 garbage-first heap   total 258048K, used 190653K [0x0000000080000000, 0x0000000100000000)
  region size 1024K, 1 young (1024K), 1 survivors (1024K)
 Metaspace       used 126106K, capacity 131090K, committed 131336K, reserved 630784K
  class space    used 15800K, capacity 17614K, committed 17664K, reserved 516096K
}
Event: 114.691 GC heap before
{Heap before GC invocations=77 (full 0):
 garbage-first heap   total 258048K, used 224445K [0x0000000080000000, 0x0000000100000000)
  region size 1024K, 34 young (34816K), 1 survivors (1024K)
 Metaspace       used 126239K, capacity 131266K, committed 131336K, reserved 630784K
  class space    used 15818K, capacity 17647K, committed 17664K, reserved 516096K
}
Event: 114.693 GC heap after
{Heap after GC invocations=78 (full 0):
 garbage-first heap   total 258048K, used 194058K [0x0000000080000000, 0x0000000100000000)
  region size 1024K, 4 young (4096K), 4 survivors (4096K)
 Metaspace       used 126239K, capacity 131266K, committed 131336K, reserved 630784K
  class space    used 15818K, capacity 17647K, committed 17664K, reserved 516096K
}
Event: 114.775 GC heap before
{Heap before GC invocations=78 (full 0):
 garbage-first heap   total 258048K, used 223754K [0x0000000080000000, 0x0000000100000000)
  region size 1024K, 33 young (33792K), 4 survivors (4096K)
 Metaspace       used 126304K, capacity 131389K, committed 131592K, reserved 630784K
  class space    used 15825K, capacity 17658K, committed 17664K, reserved 516096K
}
Event: 114.779 GC heap after
{Heap after GC invocations=79 (full 0):
 garbage-first heap   total 258048K, used 196797K [0x0000000080000000, 0x0000000100000000)
  region size 1024K, 4 young (4096K), 4 survivors (4096K)
 Metaspace       used 126304K, capacity 131389K, committed 131592K, reserved 630784K
  class space    used 15825K, capacity 17658K, committed 17664K, reserved 516096K
}
Event: 115.150 GC heap before
{Heap before GC invocations=79 (full 0):
 garbage-first heap   total 258048K, used 223421K [0x0000000080000000, 0x0000000100000000)
  region size 1024K, 30 young (30720K), 4 survivors (4096K)
 Metaspace       used 126473K, capacity 131453K, committed 131720K, reserved 630784K
  class space    used 15834K, capacity 17673K, committed 17792K, reserved 516096K
}
Event: 115.153 GC heap after
{Heap after GC invocations=80 (full 0):
 garbage-first heap   total 258048K, used 198319K [0x0000000080000000, 0x0000000100000000)
  region size 1024K, 2 young (2048K), 2 survivors (2048K)
 Metaspace       used 126473K, capacity 131453K, committed 131720K, reserved 630784K
  class space    used 15834K, capacity 17673K, committed 17792K, reserved 516096K
}
Event: 115.961 GC heap before
{Heap before GC invocations=80 (full 0):
 garbage-first heap   total 258048K, used 223919K [0x0000000080000000, 0x0000000100000000)
  region size 1024K, 27 young (27648K), 2 survivors (2048K)
 Metaspace       used 126473K, capacity 131453K, committed 131720K, reserved 630784K
  class space    used 15834K, capacity 17673K, committed 17792K, reserved 516096K
}
Event: 115.964 GC heap after
{Heap after GC invocations=81 (full 0):
 garbage-first heap   total 258048K, used 198248K [0x0000000080000000, 0x0000000100000000)
  region size 1024K, 2 young (2048K), 2 survivors (2048K)
 Metaspace       used 126473K, capacity 131453K, committed 131720K, reserved 630784K
  class space    used 15834K, capacity 17673K, committed 17792K, reserved 516096K
}
Event: 116.175 GC heap before
{Heap before GC invocations=81 (full 0):
 garbage-first heap   total 258048K, used 224872K [0x0000000080000000, 0x0000000100000000)
  region size 1024K, 28 young (28672K), 2 survivors (2048K)
 Metaspace       used 126702K, capacity 131781K, committed 131976K, reserved 630784K
  class space    used 15855K, capacity 17712K, committed 17792K, reserved 516096K
}
Event: 116.178 GC heap after
{Heap after GC invocations=82 (full 0):
 garbage-first heap   total 258048K, used 199678K [0x0000000080000000, 0x0000000100000000)
  region size 1024K, 3 young (3072K), 3 survivors (3072K)
 Metaspace       used 126702K, capacity 131781K, committed 131976K, reserved 630784K
  class space    used 15855K, capacity 17712K, committed 17792K, reserved 516096K
}
Event: 116.372 GC heap before
{Heap before GC invocations=82 (full 0):
 garbage-first heap   total 258048K, used 225278K [0x0000000080000000, 0x0000000100000000)
  region size 1024K, 28 young (28672K), 3 survivors (3072K)
 Metaspace       used 126856K, capacity 131990K, committed 132232K, reserved 630784K
  class space    used 15875K, capacity 17748K, committed 17792K, reserved 516096K
}
Event: 116.375 GC heap after
{Heap after GC invocations=83 (full 0):
 garbage-first heap   total 258048K, used 201057K [0x0000000080000000, 0x0000000100000000)
  region size 1024K, 3 young (3072K), 3 survivors (3072K)
 Metaspace       used 126856K, capacity 131990K, committed 132232K, reserved 630784K
  class space    used 15875K, capacity 17748K, committed 17792K, reserved 516096K
}
Event: 134.978 GC heap before
{Heap before GC invocations=83 (full 0):
 garbage-first heap   total 258048K, used 225633K [0x0000000080000000, 0x0000000100000000)
  region size 1024K, 27 young (27648K), 3 survivors (3072K)
 Metaspace       used 126923K, capacity 132063K, committed 132232K, reserved 630784K
  class space    used 15878K, capacity 17751K, committed 17792K, reserved 516096K
}
Event: 134.981 GC heap after
{Heap after GC invocations=84 (full 0):
 garbage-first heap   total 258048K, used 201361K [0x0000000080000000, 0x0000000100000000)
  region size 1024K, 2 young (2048K), 2 survivors (2048K)
 Metaspace       used 126923K, capacity 132063K, committed 132232K, reserved 630784K
  class space    used 15878K, capacity 17751K, committed 17792K, reserved 516096K
}

